# JRE version: OpenJDK Runtime Environment (23.0+37) (build 23+37-2369)
# Java VM: OpenJDK 64-Bit Server VM (23+37-2369, mixed mode, sharing, tiered, compressed oops, compressed class ptrs, g1 gc, windows-amd64)
GC Precious Log:
 CardTable entry size: 512
 Card Set container configuration: InlinePtr #cards 4 size 8 Array Of Cards #cards 32 size 80 Howl #buckets 8 coarsen threshold 7372 Howl Bitmap #cards 1024 size 144 coarsen threshold 921 Card regions per heap region 1 cards per card region 8192
 CPUs: 12 total, 12 available
 Memory: 28564M
 Large Page Support: Disabled
 NUMA Support: Disabled
 Compressed Oops: Enabled (Zero based)
 Heap Region Size: 4M
 Heap Min Capacity: 8M
 Heap Initial Capacity: 448M
 Heap Max Capacity: 7144M
 Pre-touch: Disabled
 Parallel Workers: 10
 Concurrent Workers: 3
 Concurrent Refinement Workers: 10
 Periodic GC: Disabled
Heap:
 garbage-first heap   total reserved 7315456K, committed 57344K, used 806K [0x0000000641800000, 0x0000000800000000)
  region size 4096K, 1 young (4096K), 0 survivors (0K)
 Metaspace       used 922K, committed 1088K, reserved 1114112K
  class space    used 71K, committed 192K, reserved 1048576K
GC Heap History (20 events):
Event: 19.280 GC heap before
{Heap before GC invocations=50 (full 10):
 garbage-first heap   total reserved 7315456K, committed 7315456K, used 7313553K [0x0000000641800000, 0x0000000800000000)
  region size 4096K, 0 young (0K), 0 survivors (0K)
 Metaspace       used 868K, committed 1024K, reserved 1114112K
  class space    used 66K, committed 128K, reserved 1048576K
}
Event: 20.522 GC heap after
{Heap after GC invocations=51 (full 11):
 garbage-first heap   total reserved 7315456K, committed 7315456K, used 7313553K [0x0000000641800000, 0x0000000800000000)
  region size 4096K, 0 young (0K), 0 survivors (0K)
 Metaspace       used 868K, committed 1024K, reserved 1114112K
  class space    used 66K, committed 128K, reserved 1048576K
}
Event: 20.522 GC heap before
{Heap before GC invocations=51 (full 11):
 garbage-first heap   total reserved 7315456K, committed 7315456K, used 7313553K [0x0000000641800000, 0x0000000800000000)
  region size 4096K, 0 young (0K), 0 survivors (0K)
 Metaspace       used 868K, committed 1024K, reserved 1114112K
  class space    used 66K, committed 128K, reserved 1048576K
}
Event: 22.103 GC heap after
{Heap after GC invocations=52 (full 12):
 garbage-first heap   total reserved 7315456K, committed 7315456K, used 7313553K [0x0000000641800000, 0x0000000800000000)
  region size 4096K, 0 young (0K), 0 survivors (0K)
 Metaspace       used 868K, committed 1024K, reserved 1114112K
  class space    used 66K, committed 128K, reserved 1048576K
}
Event: 22.103 GC heap before
{Heap before GC invocations=52 (full 12):
 garbage-first heap   total reserved 7315456K, committed 7315456K, used 7313553K [0x0000000641800000, 0x0000000800000000)
  region size 4096K, 0 young (0K), 0 survivors (0K)
 Metaspace       used 869K, committed 1024K, reserved 1114112K
  class space    used 66K, committed 128K, reserved 1048576K
}
Event: 22.103 GC heap after
{Heap after GC invocations=53 (full 12):
 garbage-first heap   total reserved 7315456K, committed 7315456K, used 7313553K [0x0000000641800000, 0x0000000800000000)
  region size 4096K, 0 young (0K), 0 survivors (0K)
 Metaspace       used 869K, committed 1024K, reserved 1114112K
  class space    used 66K, committed 128K, reserved 1048576K
}
Event: 22.103 GC heap before
{Heap before GC invocations=53 (full 12):
 garbage-first heap   total reserved 7315456K, committed 7315456K, used 7313553K [0x0000000641800000, 0x0000000800000000)
  region size 4096K, 0 young (0K), 0 survivors (0K)
 Metaspace       used 869K, committed 1024K, reserved 1114112K
  class space    used 66K, committed 128K, reserved 1048576K
}
Event: 23.389 GC heap after
{Heap after GC invocations=54 (full 13):
 garbage-first heap   total reserved 7315456K, committed 7315456K, used 7313553K [0x0000000641800000, 0x0000000800000000)
  region size 4096K, 0 young (0K), 0 survivors (0K)
 Metaspace       used 869K, committed 1024K, reserved 1114112K
  class space    used 66K, committed 128K, reserved 1048576K
}
Event: 23.390 GC heap before
{Heap before GC invocations=54 (full 13):
 garbage-first heap   total reserved 7315456K, committed 7315456K, used 7313553K [0x0000000641800000, 0x0000000800000000)
  region size 4096K, 0 young (0K), 0 survivors (0K)
 Metaspace       used 869K, committed 1024K, reserved 1114112K
  class space    used 66K, committed 128K, reserved 1048576K
}
Event: 25.121 GC heap after
{Heap after GC invocations=55 (full 14):
 garbage-first heap   total reserved 7315456K, committed 7315456K, used 7313553K [0x0000000641800000, 0x0000000800000000)
  region size 4096K, 0 young (0K), 0 survivors (0K)
 Metaspace       used 869K, committed 1024K, reserved 1114112K
  class space    used 66K, committed 128K, reserved 1048576K
}
Event: 25.121 GC heap before
{Heap before GC invocations=55 (full 14):
 garbage-first heap   total reserved 7315456K, committed 7315456K, used 7313553K [0x0000000641800000, 0x0000000800000000)
  region size 4096K, 0 young (0K), 0 survivors (0K)
 Metaspace       used 869K, committed 1024K, reserved 1114112K
  class space    used 66K, committed 128K, reserved 1048576K
}
Event: 25.122 GC heap after
{Heap after GC invocations=56 (full 14):
 garbage-first heap   total reserved 7315456K, committed 7315456K, used 7313553K [0x0000000641800000, 0x0000000800000000)
  region size 4096K, 0 young (0K), 0 survivors (0K)
 Metaspace       used 869K, committed 1024K, reserved 1114112K
  class space    used 66K, committed 128K, reserved 1048576K
}
Event: 25.122 GC heap before
{Heap before GC invocations=56 (full 14):
 garbage-first heap   total reserved 7315456K, committed 7315456K, used 7313553K [0x0000000641800000, 0x0000000800000000)
  region size 4096K, 0 young (0K), 0 survivors (0K)
 Metaspace       used 869K, committed 1024K, reserved 1114112K
  class space    used 66K, committed 128K, reserved 1048576K
}
Event: 26.414 GC heap after
{Heap after GC invocations=57 (full 15):
 garbage-first heap   total reserved 7315456K, committed 7315456K, used 7313553K [0x0000000641800000, 0x0000000800000000)
  region size 4096K, 0 young (0K), 0 survivors (0K)
 Metaspace       used 869K, committed 1024K, reserved 1114112K
  class space    used 66K, committed 128K, reserved 1048576K
}
Event: 26.414 GC heap before
{Heap before GC invocations=57 (full 15):
 garbage-first heap   total reserved 7315456K, committed 7315456K, used 7313553K [0x0000000641800000, 0x0000000800000000)
  region size 4096K, 0 young (0K), 0 survivors (0K)
 Metaspace       used 869K, committed 1024K, reserved 1114112K
  class space    used 66K, committed 128K, reserved 1048576K
}
Event: 28.045 GC heap after
{Heap after GC invocations=58 (full 16):
 garbage-first heap   total reserved 7315456K, committed 7315456K, used 7313553K [0x0000000641800000, 0x0000000800000000)
  region size 4096K, 0 young (0K), 0 survivors (0K)
 Metaspace       used 869K, committed 1024K, reserved 1114112K
  class space    used 66K, committed 128K, reserved 1048576K
}
Event: 28.045 GC heap before
{Heap before GC invocations=58 (full 16):
 garbage-first heap   total reserved 7315456K, committed 7315456K, used 7313553K [0x0000000641800000, 0x0000000800000000)
  region size 4096K, 0 young (0K), 0 survivors (0K)
 Metaspace       used 869K, committed 1024K, reserved 1114112K
  class space    used 66K, committed 128K, reserved 1048576K
}
Event: 28.046 GC heap after
{Heap after GC invocations=59 (full 16):
 garbage-first heap   total reserved 7315456K, committed 7315456K, used 7313553K [0x0000000641800000, 0x0000000800000000)
  region size 4096K, 0 young (0K), 0 survivors (0K)
 Metaspace       used 869K, committed 1024K, reserved 1114112K
  class space    used 66K, committed 128K, reserved 1048576K
}
Event: 28.046 GC heap before
{Heap before GC invocations=59 (full 16):
 garbage-first heap   total reserved 7315456K, committed 7315456K, used 7313553K [0x0000000641800000, 0x0000000800000000)
  region size 4096K, 0 young (0K), 0 survivors (0K)
 Metaspace       used 869K, committed 1024K, reserved 1114112K
  class space    used 66K, committed 128K, reserved 1048576K
}
Event: 28.067 GC heap after
{Heap after GC invocations=60 (full 17):
 garbage-first heap   total reserved 7315456K, committed 57344K, used 806K [0x0000000641800000, 0x0000000800000000)
  region size 4096K, 0 young (0K), 0 survivors (0K)
 Metaspace       used 869K, committed 1024K, reserved 1114112K
  class space    used 66K, committed 128K, reserved 1048576K
}

